<?xml version="1.0" encoding="UTF-8"?>
<!-- Generated by org.testng.reporters.JUnitXMLReporter -->
<testsuite hostname="LAPTOP-35P4TRI0" ignored="0" name="Login tests" tests="3" failures="0" timestamp="2020-12-17T17:12:10 EST" time="33.088" errors="0">
  <testcase name="confirmLoginWithRegisteredAccount" time="4.011" classname="ai.skillo.tests.LoginTests"/>
  <testcase name="impossibleLoginWithNotRegisteredAccount1" time="4.969" classname="ai.skillo.tests.LoginTests"/>
  <testcase name="logoutIsWorking" time="4.55" classname="ai.skillo.tests.LoginTests"/>
</testsuite> <!-- Login tests -->
