<?xml version="1.0" encoding="UTF-8"?>
<!-- Generated by org.testng.reporters.JUnitXMLReporter -->
<testsuite hostname="LAPTOP-35P4TRI0" ignored="0" name="Registration tests" tests="3" failures="0" timestamp="2020-12-17T17:12:48 EST" time="38.141" errors="0">
  <testcase name="registerAccountPageCanBeOpen" time="5.035" classname="ai.skillo.RegistrationTest"/>
  <testcase name="registerTest" time="6.752" classname="ai.skillo.RegistrationTest"/>
  <testcase name="registerNotPossibleWithoutPrivacyPolicyConfirmation" time="6.166" classname="ai.skillo.RegistrationTest"/>
</testsuite> <!-- Registration tests -->
