<?xml version="1.0" encoding="UTF-8"?>
<testng-results skipped="0" failed="0" ignored="0" total="7" passed="7">
  <reporter-output>
  </reporter-output>
  <suite name="Testing suite" duration-ms="86594" started-at="2020-12-17T17:11:37 EST" finished-at="2020-12-17T17:13:04 EST">
    <groups>
    </groups>
    <test name="Login tests" duration-ms="33088" started-at="2020-12-17T17:11:37 EST" finished-at="2020-12-17T17:12:10 EST">
      <class name="ai.skillo.tests.LoginTests">
        <test-method status="PASS" signature="initBrowser()[pri:0, instance:ai.skillo.tests.LoginTests@64616ca2]" name="initBrowser" is-config="true" duration-ms="6235" started-at="2020-12-17T17:11:37 EST" finished-at="2020-12-17T17:11:43 EST">
          <reporter-output>
          </reporter-output>
        </test-method> <!-- initBrowser -->
        <test-method status="PASS" signature="confirmLoginWithRegisteredAccount()[pri:1, instance:ai.skillo.tests.LoginTests@64616ca2]" name="confirmLoginWithRegisteredAccount" duration-ms="4011" started-at="2020-12-17T17:11:43 EST" finished-at="2020-12-17T17:11:47 EST">
          <reporter-output>
          </reporter-output>
        </test-method> <!-- confirmLoginWithRegisteredAccount -->
        <test-method status="PASS" signature="closeBrowser()[pri:0, instance:ai.skillo.tests.LoginTests@64616ca2]" name="closeBrowser" is-config="true" duration-ms="812" started-at="2020-12-17T17:11:47 EST" finished-at="2020-12-17T17:11:48 EST">
          <reporter-output>
          </reporter-output>
        </test-method> <!-- closeBrowser -->
        <test-method status="PASS" signature="initBrowser()[pri:0, instance:ai.skillo.tests.LoginTests@64616ca2]" name="initBrowser" is-config="true" duration-ms="5854" started-at="2020-12-17T17:11:48 EST" finished-at="2020-12-17T17:11:54 EST">
          <reporter-output>
          </reporter-output>
        </test-method> <!-- initBrowser -->
        <test-method status="PASS" signature="impossibleLoginWithNotRegisteredAccount1()[pri:2, instance:ai.skillo.tests.LoginTests@64616ca2]" name="impossibleLoginWithNotRegisteredAccount1" duration-ms="4969" started-at="2020-12-17T17:11:54 EST" finished-at="2020-12-17T17:11:59 EST">
          <reporter-output>
          </reporter-output>
        </test-method> <!-- impossibleLoginWithNotRegisteredAccount1 -->
        <test-method status="PASS" signature="closeBrowser()[pri:0, instance:ai.skillo.tests.LoginTests@64616ca2]" name="closeBrowser" is-config="true" duration-ms="667" started-at="2020-12-17T17:11:59 EST" finished-at="2020-12-17T17:12:00 EST">
          <reporter-output>
          </reporter-output>
        </test-method> <!-- closeBrowser -->
        <test-method status="PASS" signature="initBrowser()[pri:0, instance:ai.skillo.tests.LoginTests@64616ca2]" name="initBrowser" is-config="true" duration-ms="5289" started-at="2020-12-17T17:12:00 EST" finished-at="2020-12-17T17:12:05 EST">
          <reporter-output>
          </reporter-output>
        </test-method> <!-- initBrowser -->
        <test-method status="PASS" signature="logoutIsWorking()[pri:3, instance:ai.skillo.tests.LoginTests@64616ca2]" name="logoutIsWorking" duration-ms="4550" started-at="2020-12-17T17:12:05 EST" finished-at="2020-12-17T17:12:09 EST">
          <reporter-output>
          </reporter-output>
        </test-method> <!-- logoutIsWorking -->
        <test-method status="PASS" signature="closeBrowser()[pri:0, instance:ai.skillo.tests.LoginTests@64616ca2]" name="closeBrowser" is-config="true" duration-ms="658" started-at="2020-12-17T17:12:09 EST" finished-at="2020-12-17T17:12:10 EST">
          <reporter-output>
          </reporter-output>
        </test-method> <!-- closeBrowser -->
      </class> <!-- ai.skillo.tests.LoginTests -->
    </test> <!-- Login tests -->
    <test name="Registration tests" duration-ms="38141" started-at="2020-12-17T17:12:10 EST" finished-at="2020-12-17T17:12:48 EST">
      <class name="ai.skillo.RegistrationTest">
        <test-method status="PASS" signature="initBrowser()[pri:0, instance:ai.skillo.RegistrationTest@6537cf78]" name="initBrowser" is-config="true" duration-ms="5314" started-at="2020-12-17T17:12:10 EST" finished-at="2020-12-17T17:12:15 EST">
          <reporter-output>
          </reporter-output>
        </test-method> <!-- initBrowser -->
        <test-method status="PASS" signature="registerAccountPageCanBeOpen()[pri:1, instance:ai.skillo.RegistrationTest@6537cf78]" name="registerAccountPageCanBeOpen" duration-ms="5035" started-at="2020-12-17T17:12:15 EST" finished-at="2020-12-17T17:12:20 EST">
          <reporter-output>
          </reporter-output>
        </test-method> <!-- registerAccountPageCanBeOpen -->
        <test-method status="PASS" signature="closeBrowser()[pri:0, instance:ai.skillo.RegistrationTest@6537cf78]" name="closeBrowser" is-config="true" duration-ms="687" started-at="2020-12-17T17:12:20 EST" finished-at="2020-12-17T17:12:21 EST">
          <reporter-output>
          </reporter-output>
        </test-method> <!-- closeBrowser -->
        <test-method status="PASS" signature="initBrowser()[pri:0, instance:ai.skillo.RegistrationTest@6537cf78]" name="initBrowser" is-config="true" duration-ms="5668" started-at="2020-12-17T17:12:21 EST" finished-at="2020-12-17T17:12:27 EST">
          <reporter-output>
          </reporter-output>
        </test-method> <!-- initBrowser -->
        <test-method status="PASS" signature="registerTest()[pri:2, instance:ai.skillo.RegistrationTest@6537cf78]" name="registerTest" duration-ms="6752" started-at="2020-12-17T17:12:27 EST" finished-at="2020-12-17T17:12:34 EST">
          <reporter-output>
          </reporter-output>
        </test-method> <!-- registerTest -->
        <test-method status="PASS" signature="closeBrowser()[pri:0, instance:ai.skillo.RegistrationTest@6537cf78]" name="closeBrowser" is-config="true" duration-ms="669" started-at="2020-12-17T17:12:34 EST" finished-at="2020-12-17T17:12:34 EST">
          <reporter-output>
          </reporter-output>
        </test-method> <!-- closeBrowser -->
        <test-method status="PASS" signature="initBrowser()[pri:0, instance:ai.skillo.RegistrationTest@6537cf78]" name="initBrowser" is-config="true" duration-ms="7152" started-at="2020-12-17T17:12:34 EST" finished-at="2020-12-17T17:12:41 EST">
          <reporter-output>
          </reporter-output>
        </test-method> <!-- initBrowser -->
        <test-method status="PASS" signature="registerNotPossibleWithoutPrivacyPolicyConfirmation()[pri:3, instance:ai.skillo.RegistrationTest@6537cf78]" name="registerNotPossibleWithoutPrivacyPolicyConfirmation" duration-ms="6166" started-at="2020-12-17T17:12:41 EST" finished-at="2020-12-17T17:12:48 EST">
          <reporter-output>
          </reporter-output>
        </test-method> <!-- registerNotPossibleWithoutPrivacyPolicyConfirmation -->
        <test-method status="PASS" signature="closeBrowser()[pri:0, instance:ai.skillo.RegistrationTest@6537cf78]" name="closeBrowser" is-config="true" duration-ms="695" started-at="2020-12-17T17:12:48 EST" finished-at="2020-12-17T17:12:48 EST">
          <reporter-output>
          </reporter-output>
        </test-method> <!-- closeBrowser -->
      </class> <!-- ai.skillo.RegistrationTest -->
    </test> <!-- Registration tests -->
    <test name="Product test" duration-ms="15323" started-at="2020-12-17T17:12:48 EST" finished-at="2020-12-17T17:13:04 EST">
      <class name="ai.skillo.tests.ProductTest">
        <test-method status="PASS" signature="initBrowser()[pri:0, instance:ai.skillo.tests.ProductTest@7225790e]" name="initBrowser" is-config="true" duration-ms="5303" started-at="2020-12-17T17:12:48 EST" finished-at="2020-12-17T17:12:54 EST">
          <reporter-output>
          </reporter-output>
        </test-method> <!-- initBrowser -->
        <test-method status="PASS" signature="confirmUserCanOpenProductDetails()[pri:0, instance:ai.skillo.tests.ProductTest@7225790e]" name="confirmUserCanOpenProductDetails" duration-ms="9345" started-at="2020-12-17T17:12:54 EST" finished-at="2020-12-17T17:13:03 EST">
          <reporter-output>
          </reporter-output>
        </test-method> <!-- confirmUserCanOpenProductDetails -->
        <test-method status="PASS" signature="closeBrowser()[pri:0, instance:ai.skillo.tests.ProductTest@7225790e]" name="closeBrowser" is-config="true" duration-ms="675" started-at="2020-12-17T17:13:03 EST" finished-at="2020-12-17T17:13:04 EST">
          <reporter-output>
          </reporter-output>
        </test-method> <!-- closeBrowser -->
      </class> <!-- ai.skillo.tests.ProductTest -->
    </test> <!-- Product test -->
  </suite> <!-- Testing suite -->
</testng-results>
